


~~~~~~~~~~~~~~~~~~~~~~~~~~~~~~~~~~~~~~~~~~~~~~~~~~~~~~~~~~~~~~~~~~~~~~~~~~~~~~~~~~~~~~~~~~~~~~~~~~~~~~~~~~~~~~~~~~~~~~~~~~~~~~~~~~~~~~~~~~~~~~~~~~~~~~~~~~~~~~~~~~~~~~~~~~~~~~~~~~~~~~~~~~~~~~~~~~~~~~~~~~~~~~~~~~~~~~~~
Module : work.mp_enc(rtl_mp_enc){generic map (reset_polarity_g => 0 len_dec1_g => true sof_d_g => 1 type_d_g => 1 addr_d_g => 1 len_d_g => 2 crc_d_g => 1 eof_d_g => 1 sof_val_g => 100 eof_val_g => 200 width_g => 8)}
~~~~~~~~~~~~~~~~~~~~~~~~~~~~~~~~~~~~~~~~~~~~~~~~~~~~~~~~~~~~~~~~~~~~~~~~~~~~~~~~~~~~~~~~~~~~~~~~~~~~~~~~~~~~~~~~~~~~~~~~~~~~~~~~~~~~~~~~~~~~~~~~~~~~~~~~~~~~~~~~~~~~~~~~~~~~~~~~~~~~~~~~~~~~~~~~~~~~~~~~~~~~~~~~~~~~~~~~
Number of FSMs Extracted : 1

1.
--------------------------------------------------
Number of States                : 9
Primary State Variable          : cur_st[8:0]
Async set/reset state(s)        : 000000001 
Re-encoding Scheme              : ONEHOT 
FSM: Info, state encoding table:
FSM:	Index	                         State Name	                            Literal	                      Encoding
FSM:	    0	                            idle_st	                          000000001	                     000000001
FSM:	    1	                             sof_st	                          000000010	                     000000010
FSM:	    2	                            type_st	                          000000100	                     000000100
FSM:	    3	                            addr_st	                          000001000	                     000001000
FSM:	    4	                             len_st	                          000010000	                     000010000
FSM:	    5	                            data_st	                          000100000	                     000100000
FSM:	    6	                         reg_crc_st	                          001000000	                     001000000
FSM:	    7	                             crc_st	                          010000000	                     010000000
FSM:	    8	                             eof_st	                          100000000	                     100000000



